Watching for file changes with StatReloader
Performing system checks...

System check identified some issues:

WARNINGS:
todos.Todo: (models.W042) Auto-created primary key used when not defining a primary key type, by default 'django.db.models.AutoField'.
	HINT: Configure the DEFAULT_AUTO_FIELD setting or the TodosConfig.default_auto_field attribute to point to a subclass of AutoField, e.g. 'django.db.models.BigAutoField'.

System check identified 1 issue (0 silenced).
October 09, 2023 - 19:54:54
Django version 4.2.6, using settings 'todoApp.settings'
Starting development server at http://0.0.0.0:8000/
Quit the server with CONTROL-C.

[09/Oct/2023 19:54:59] "GET /todos/ HTTP/1.1" 200 2920
[09/Oct/2023 19:54:59] "GET /static/css/style.css HTTP/1.1" 304 0
[09/Oct/2023 19:55:02] "POST /todos/add/ HTTP/1.1" 302 0
[09/Oct/2023 19:55:02] "GET /todos/ HTTP/1.1" 200 3500
[09/Oct/2023 19:55:04] "POST /todos/add/ HTTP/1.1" 302 0
[09/Oct/2023 19:55:05] "GET /todos/ HTTP/1.1" 200 4077
[09/Oct/2023 19:55:06] "GET /todos/23/delete HTTP/1.1" 302 0
[09/Oct/2023 19:55:07] "GET /todos/ HTTP/1.1" 200 3497
[09/Oct/2023 19:55:08] "GET /todos/24/delete HTTP/1.1" 302 0
[09/Oct/2023 19:55:08] "GET /todos/ HTTP/1.1" 200 2920
[09/Oct/2023 19:55:09] "GET /todos/2/delete HTTP/1.1" 302 0
[09/Oct/2023 19:55:09] "GET /todos/ HTTP/1.1" 200 2328
